intelowtandroid/owt/conference/build/outputs/logs/manifest-merger-debug-report.txt
-- Merging decision tree log ---
manifest
ADDED from src/main/AndroidManifest.xml:2:1-39:12
MERGED from [owt_base.aar] AndroidManifest.xml:2:1-9:12
MERGED from [owt_conference.aar] AndroidManifest.xml:2:1-9:12
MERGED from [owt_p2p.aar] AndroidManifest.xml:2:1-14:12
MERGED from [com.android.support:appcompat-v7:26.1.0] AndroidManifest.xml:17:1-31:12
MERGED from [com.android.support:support-v4:26.1.0] AndroidManifest.xml:17:1-31:12
MERGED from [:intelowtandroid:owt:utils] AndroidManifest.xml:2:1-9:12
MERGED from [com.android.support:animated-vector-drawable:26.1.0] AndroidManifest.xml:17:1-28:12
MERGED from [com.android.support:support-vector-drawable:26.1.0] AndroidManifest.xml:17:1-28:12
MERGED from [com.android.support:support-media-compat:26.1.0] AndroidManifest.xml:17:1-31:12
MERGED from [com.android.support:support-fragment:26.1.0] AndroidManifest.xml:17:1-31:12
MERGED from [com.android.support:support-core-utils:26.1.0] AndroidManifest.xml:17:1-31:12
MERGED from [com.android.support:support-core-ui:26.1.0] AndroidManifest.xml:17:1-31:12
MERGED from [com.android.support:support-compat:26.1.0] AndroidManifest.xml:17:1-31:12
MERGED from [android.arch.lifecycle:runtime:1.0.0] AndroidManifest.xml:17:1-30:12
	package
		ADDED from src/main/AndroidManifest.xml:3:11-42
	xmlns:android
		ADDED from src/main/AndroidManifest.xml:2:11-69
uses-feature#android.hardware.camera
ADDED from src/main/AndroidManifest.xml:4:5-59
	android:name
		ADDED from src/main/AndroidManifest.xml:4:19-57
uses-feature#android.hardware.camera.autofocus
ADDED from src/main/AndroidManifest.xml:5:5-69
	android:name
		ADDED from src/main/AndroidManifest.xml:5:19-67
uses-feature#0x00020000
ADDED from src/main/AndroidManifest.xml:6:5-8:34
	android:glEsVersion
		ADDED from src/main/AndroidManifest.xml:7:9-41
	android:required
		ADDED from src/main/AndroidManifest.xml:8:9-32
uses-permission#android.permission.CAMERA
ADDED from src/main/AndroidManifest.xml:10:5-64
MERGED from [owt_p2p.aar] AndroidManifest.xml:9:5-65
MERGED from [owt_p2p.aar] AndroidManifest.xml:9:5-65
	android:name
		ADDED from src/main/AndroidManifest.xml:10:22-62
uses-permission#android.permission.MODIFY_AUDIO_SETTINGS
ADDED from src/main/AndroidManifest.xml:11:5-79
	android:name
		ADDED from src/main/AndroidManifest.xml:11:22-77
uses-permission#android.permission.RECORD_AUDIO
ADDED from src/main/AndroidManifest.xml:12:5-70
	android:name
		ADDED from src/main/AndroidManifest.xml:12:22-68
uses-permission#android.permission.INTERNET
ADDED from src/main/AndroidManifest.xml:13:5-66
MERGED from [owt_p2p.aar] AndroidManifest.xml:10:5-67
MERGED from [owt_p2p.aar] AndroidManifest.xml:10:5-67
	android:name
		ADDED from src/main/AndroidManifest.xml:13:22-64
uses-permission#android.permission.WAKE_LOCK
ADDED from src/main/AndroidManifest.xml:14:5-67
	android:name
		ADDED from src/main/AndroidManifest.xml:14:22-65
uses-permission#android.permission.WRITE_EXTERNAL_STORAGE
ADDED from src/main/AndroidManifest.xml:15:5-80
	android:name
		ADDED from src/main/AndroidManifest.xml:15:22-78
uses-permission#android.permission.ACCESS_NETWORK_STATE
ADDED from src/main/AndroidManifest.xml:16:5-78
MERGED from [owt_p2p.aar] AndroidManifest.xml:11:5-79
MERGED from [owt_p2p.aar] AndroidManifest.xml:11:5-79
	android:name
		ADDED from src/main/AndroidManifest.xml:16:22-76
uses-permission#android.permission.CHANGE_NETWORK_STATE
ADDED from src/main/AndroidManifest.xml:17:5-78
MERGED from [owt_p2p.aar] AndroidManifest.xml:12:5-79
MERGED from [owt_p2p.aar] AndroidManifest.xml:12:5-79
	android:name
		ADDED from src/main/AndroidManifest.xml:17:22-76
application
ADDED from src/main/AndroidManifest.xml:19:5-37:19
MERGED from [com.android.support:appcompat-v7:26.1.0] AndroidManifest.xml:25:5-29:19
MERGED from [com.android.support:appcompat-v7:26.1.0] AndroidManifest.xml:25:5-29:19
MERGED from [com.android.support:support-v4:26.1.0] AndroidManifest.xml:25:5-29:19
MERGED from [com.android.support:support-v4:26.1.0] AndroidManifest.xml:25:5-29:19
MERGED from [com.android.support:animated-vector-drawable:26.1.0] AndroidManifest.xml:22:5-26:19
MERGED from [com.android.support:animated-vector-drawable:26.1.0] AndroidManifest.xml:22:5-26:19
MERGED from [com.android.support:support-vector-drawable:26.1.0] AndroidManifest.xml:22:5-26:19
MERGED from [com.android.support:support-vector-drawable:26.1.0] AndroidManifest.xml:22:5-26:19
MERGED from [com.android.support:support-media-compat:26.1.0] AndroidManifest.xml:25:5-29:19
MERGED from [com.android.support:support-media-compat:26.1.0] AndroidManifest.xml:25:5-29:19
MERGED from [com.android.support:support-fragment:26.1.0] AndroidManifest.xml:25:5-29:19
MERGED from [com.android.support:support-fragment:26.1.0] AndroidManifest.xml:25:5-29:19
MERGED from [com.android.support:support-core-utils:26.1.0] AndroidManifest.xml:25:5-29:19
MERGED from [com.android.support:support-core-utils:26.1.0] AndroidManifest.xml:25:5-29:19
MERGED from [com.android.support:support-core-ui:26.1.0] AndroidManifest.xml:25:5-29:19
MERGED from [com.android.support:support-core-ui:26.1.0] AndroidManifest.xml:25:5-29:19
MERGED from [com.android.support:support-compat:26.1.0] AndroidManifest.xml:25:5-29:19
MERGED from [com.android.support:support-compat:26.1.0] AndroidManifest.xml:25:5-29:19
MERGED from [android.arch.lifecycle:runtime:1.0.0] AndroidManifest.xml:24:5-28:19
MERGED from [android.arch.lifecycle:runtime:1.0.0] AndroidManifest.xml:24:5-28:19
	android:supportsRtl
		ADDED from src/main/AndroidManifest.xml:23:9-35
	android:label
		ADDED from src/main/AndroidManifest.xml:22:9-41
	android:icon
		ADDED from src/main/AndroidManifest.xml:21:9-45
	android:allowBackup
		ADDED from src/main/AndroidManifest.xml:20:9-35
	android:theme
		ADDED from src/main/AndroidManifest.xml:24:9-40
activity#owt.jam.conference.MainActivity
ADDED from src/main/AndroidManifest.xml:25:9-36:20
	android:screenOrientation
		ADDED from src/main/AndroidManifest.xml:29:13-50
	android:label
		ADDED from src/main/AndroidManifest.xml:28:13-45
	android:configChanges
		ADDED from src/main/AndroidManifest.xml:27:13-74
	android:theme
		ADDED from src/main/AndroidManifest.xml:30:13-51
	android:name
		ADDED from src/main/AndroidManifest.xml:26:13-59
intent-filter#action:name:android.intent.action.MAIN+category:name:android.intent.category.LAUNCHER
ADDED from src/main/AndroidManifest.xml:31:13-35:29
action#android.intent.action.MAIN
ADDED from src/main/AndroidManifest.xml:32:17-68
	android:name
		ADDED from src/main/AndroidManifest.xml:32:25-66
category#android.intent.category.LAUNCHER
ADDED from src/main/AndroidManifest.xml:34:17-76
	android:name
		ADDED from src/main/AndroidManifest.xml:34:27-74
uses-sdk
INJECTED from src/main/AndroidManifest.xml reason: use-sdk injection requested
INJECTED from src/main/AndroidManifest.xml
INJECTED from src/main/AndroidManifest.xml
MERGED from [owt_base.aar] AndroidManifest.xml:5:5-7:41
MERGED from [owt_base.aar] AndroidManifest.xml:5:5-7:41
MERGED from [owt_conference.aar] AndroidManifest.xml:5:5-7:41
MERGED from [owt_conference.aar] AndroidManifest.xml:5:5-7:41
MERGED from [owt_p2p.aar] AndroidManifest.xml:5:5-7:41
MERGED from [owt_p2p.aar] AndroidManifest.xml:5:5-7:41
MERGED from [com.android.support:appcompat-v7:26.1.0] AndroidManifest.xml:21:5-23:78
MERGED from [com.android.support:appcompat-v7:26.1.0] AndroidManifest.xml:21:5-23:78
MERGED from [com.android.support:support-v4:26.1.0] AndroidManifest.xml:21:5-23:54
MERGED from [com.android.support:support-v4:26.1.0] AndroidManifest.xml:21:5-23:54
MERGED from [:intelowtandroid:owt:utils] AndroidManifest.xml:5:5-7:41
MERGED from [:intelowtandroid:owt:utils] AndroidManifest.xml:5:5-7:41
MERGED from [com.android.support:animated-vector-drawable:26.1.0] AndroidManifest.xml:20:5-44
MERGED from [com.android.support:animated-vector-drawable:26.1.0] AndroidManifest.xml:20:5-44
MERGED from [com.android.support:support-vector-drawable:26.1.0] AndroidManifest.xml:20:5-44
MERGED from [com.android.support:support-vector-drawable:26.1.0] AndroidManifest.xml:20:5-44
MERGED from [com.android.support:support-media-compat:26.1.0] AndroidManifest.xml:21:5-23:63
MERGED from [com.android.support:support-media-compat:26.1.0] AndroidManifest.xml:21:5-23:63
MERGED from [com.android.support:support-fragment:26.1.0] AndroidManifest.xml:21:5-23:60
MERGED from [com.android.support:support-fragment:26.1.0] AndroidManifest.xml:21:5-23:60
MERGED from [com.android.support:support-core-utils:26.1.0] AndroidManifest.xml:21:5-23:61
MERGED from [com.android.support:support-core-utils:26.1.0] AndroidManifest.xml:21:5-23:61
MERGED from [com.android.support:support-core-ui:26.1.0] AndroidManifest.xml:21:5-23:58
MERGED from [com.android.support:support-core-ui:26.1.0] AndroidManifest.xml:21:5-23:58
MERGED from [com.android.support:support-compat:26.1.0] AndroidManifest.xml:21:5-23:58
MERGED from [com.android.support:support-compat:26.1.0] AndroidManifest.xml:21:5-23:58
MERGED from [android.arch.lifecycle:runtime:1.0.0] AndroidManifest.xml:20:5-22:41
MERGED from [android.arch.lifecycle:runtime:1.0.0] AndroidManifest.xml:20:5-22:41
INJECTED from src/main/AndroidManifest.xml
INJECTED from src/main/AndroidManifest.xml
	tools:overrideLibrary
		ADDED from [com.android.support:appcompat-v7:26.1.0] AndroidManifest.xml:23:9-75
	android:targetSdkVersion
		INJECTED from src/main/AndroidManifest.xml
		ADDED from src/main/AndroidManifest.xml
		INJECTED from src/main/AndroidManifest.xml
	android:minSdkVersion
		INJECTED from src/main/AndroidManifest.xml
		ADDED from src/main/AndroidManifest.xml
		INJECTED from src/main/AndroidManifest.xml
meta-data#android.support.VERSION
ADDED from [com.android.support:appcompat-v7:26.1.0] AndroidManifest.xml:26:9-28:38
MERGED from [com.android.support:support-v4:26.1.0] AndroidManifest.xml:26:9-28:38
MERGED from [com.android.support:support-v4:26.1.0] AndroidManifest.xml:26:9-28:38
MERGED from [com.android.support:animated-vector-drawable:26.1.0] AndroidManifest.xml:23:9-25:38
MERGED from [com.android.support:animated-vector-drawable:26.1.0] AndroidManifest.xml:23:9-25:38
MERGED from [com.android.support:support-vector-drawable:26.1.0] AndroidManifest.xml:23:9-25:38
MERGED from [com.android.support:support-vector-drawable:26.1.0] AndroidManifest.xml:23:9-25:38
MERGED from [com.android.support:support-media-compat:26.1.0] AndroidManifest.xml:26:9-28:38
MERGED from [com.android.support:support-media-compat:26.1.0] AndroidManifest.xml:26:9-28:38
MERGED from [com.android.support:support-fragment:26.1.0] AndroidManifest.xml:26:9-28:38
MERGED from [com.android.support:support-fragment:26.1.0] AndroidManifest.xml:26:9-28:38
MERGED from [com.android.support:support-core-utils:26.1.0] AndroidManifest.xml:26:9-28:38
MERGED from [com.android.support:support-core-utils:26.1.0] AndroidManifest.xml:26:9-28:38
MERGED from [com.android.support:support-core-ui:26.1.0] AndroidManifest.xml:26:9-28:38
MERGED from [com.android.support:support-core-ui:26.1.0] AndroidManifest.xml:26:9-28:38
MERGED from [com.android.support:support-compat:26.1.0] AndroidManifest.xml:26:9-28:38
MERGED from [com.android.support:support-compat:26.1.0] AndroidManifest.xml:26:9-28:38
	android:value
		ADDED from [com.android.support:appcompat-v7:26.1.0] AndroidManifest.xml:28:13-35
	android:name
		ADDED from [com.android.support:appcompat-v7:26.1.0] AndroidManifest.xml:27:13-51
meta-data#android.arch.lifecycle.VERSION
ADDED from [android.arch.lifecycle:runtime:1.0.0] AndroidManifest.xml:25:9-27:47
	android:value
		ADDED from [android.arch.lifecycle:runtime:1.0.0] AndroidManifest.xml:27:13-44
	android:name
		ADDED from [android.arch.lifecycle:runtime:1.0.0] AndroidManifest.xml:26:13-58